execve("./part1.x", ["./part1.x"], 0xbffa3628 /* 25 vars */) = 0
brk(NULL)                               = 0x6bb000
access("/etc/ld.so.nohwcap", F_OK)      = -1 ENOENT (No such file or directory)
mmap2(NULL, 8192, PROT_READ|PROT_WRITE, MAP_PRIVATE|MAP_ANONYMOUS, -1, 0) = 0xb7ee3000
access("/etc/ld.so.preload", R_OK)      = -1 ENOENT (No such file or directory)
openat(AT_FDCWD, "/etc/ld.so.cache", O_RDONLY|O_CLOEXEC) = 3
fstat64(3, {st_mode=S_IFREG|0644, st_size=83233, ...}) = 0
mmap2(NULL, 83233, PROT_READ, MAP_PRIVATE, 3, 0) = 0xb7ece000
close(3)                                = 0
access("/etc/ld.so.nohwcap", F_OK)      = -1 ENOENT (No such file or directory)
openat(AT_FDCWD, "/lib/i386-linux-gnu/libc.so.6", O_RDONLY|O_CLOEXEC) = 3
read(3, "\177ELF\1\1\1\3\0\0\0\0\0\0\0\0\3\0\3\0\1\0\0\0\20\220\1\0004\0\0\0"..., 512) = 512
fstat64(3, {st_mode=S_IFREG|0755, st_size=1942840, ...}) = 0
mmap2(NULL, 1948188, PROT_READ|PROT_EXEC, MAP_PRIVATE|MAP_DENYWRITE, 3, 0) = 0xb7cf2000
mprotect(0xb7ec7000, 4096, PROT_NONE)   = 0
mmap2(0xb7ec8000, 12288, PROT_READ|PROT_WRITE, MAP_PRIVATE|MAP_FIXED|MAP_DENYWRITE, 3, 0x1d5000) = 0xb7ec8000
mmap2(0xb7ecb000, 10780, PROT_READ|PROT_WRITE, MAP_PRIVATE|MAP_FIXED|MAP_ANONYMOUS, -1, 0) = 0xb7ecb000
close(3)                                = 0
set_thread_area({entry_number=-1, base_addr=0xb7ee40c0, limit=0x0fffff, seg_32bit=1, contents=0, read_exec_only=0, limit_in_pages=1, seg_not_present=0, useable=1}) = 0 (entry_number=6)
mprotect(0xb7ec8000, 8192, PROT_READ)   = 0
mprotect(0x46f000, 4096, PROT_READ)     = 0
mprotect(0xb7f10000, 4096, PROT_READ)   = 0
munmap(0xb7ece000, 83233)               = 0
fstat64(1, {st_mode=S_IFCHR|0600, st_rdev=makedev(136, 0), ...}) = 0
brk(NULL)                               = 0x6bb000
brk(0x6dc000)                           = 0x6dc000
brk(0x6dd000)                           = 0x6dd000
write(1, "Hello World!\n", 13)          = 13
exit_group(0)                           = ?
+++ exited with 0 +++
