execve("./empty.x", ["./empty.x"], 0xbf9dfea8 /* 25 vars */) = 0
brk(NULL)                               = 0x19ef000
access("/etc/ld.so.nohwcap", F_OK)      = -1 ENOENT (No such file or directory)
mmap2(NULL, 8192, PROT_READ|PROT_WRITE, MAP_PRIVATE|MAP_ANONYMOUS, -1, 0) = 0xb7fa8000
access("/etc/ld.so.preload", R_OK)      = -1 ENOENT (No such file or directory)
openat(AT_FDCWD, "/etc/ld.so.cache", O_RDONLY|O_CLOEXEC) = 3
fstat64(3, {st_mode=S_IFREG|0644, st_size=83233, ...}) = 0
mmap2(NULL, 83233, PROT_READ, MAP_PRIVATE, 3, 0) = 0xb7f93000
close(3)                                = 0
access("/etc/ld.so.nohwcap", F_OK)      = -1 ENOENT (No such file or directory)
openat(AT_FDCWD, "/lib/i386-linux-gnu/libc.so.6", O_RDONLY|O_CLOEXEC) = 3
read(3, "\177ELF\1\1\1\3\0\0\0\0\0\0\0\0\3\0\3\0\1\0\0\0\20\220\1\0004\0\0\0"..., 512) = 512
fstat64(3, {st_mode=S_IFREG|0755, st_size=1942840, ...}) = 0
mmap2(NULL, 1948188, PROT_READ|PROT_EXEC, MAP_PRIVATE|MAP_DENYWRITE, 3, 0) = 0xb7db7000
mprotect(0xb7f8c000, 4096, PROT_NONE)   = 0
mmap2(0xb7f8d000, 12288, PROT_READ|PROT_WRITE, MAP_PRIVATE|MAP_FIXED|MAP_DENYWRITE, 3, 0x1d5000) = 0xb7f8d000
mmap2(0xb7f90000, 10780, PROT_READ|PROT_WRITE, MAP_PRIVATE|MAP_FIXED|MAP_ANONYMOUS, -1, 0) = 0xb7f90000
close(3)                                = 0
set_thread_area({entry_number=-1, base_addr=0xb7fa90c0, limit=0x0fffff, seg_32bit=1, contents=0, read_exec_only=0, limit_in_pages=1, seg_not_present=0, useable=1}) = 0 (entry_number=6)
mprotect(0xb7f8d000, 8192, PROT_READ)   = 0
mprotect(0x47a000, 4096, PROT_READ)     = 0
mprotect(0xb7fd5000, 4096, PROT_READ)   = 0
munmap(0xb7f93000, 83233)               = 0
exit_group(0)                           = ?
+++ exited with 0 +++
